<?xml version="1.0" encoding="UTF-8"?>
<!-- Generated by org.testng.reporters.JUnitReportReporter -->
<testsuite skipped="0" hostname="DESKTOP-U258E43" name="com.taller3.sistemamio.integration_tests.RutasServicioTest" tests="1" failures="0" timestamp="25 Sep 2019 02:53:30 GMT" time="0.047" errors="0">
  <testcase name="testAddRutaCorrect" time="0.047" classname="com.taller3.sistemamio.integration_tests.RutasServicioTest"/>
</testsuite> <!-- com.taller3.sistemamio.integration_tests.RutasServicioTest -->
