<?xml version="1.0" encoding="UTF-8"?>
<!-- Generated by org.testng.reporters.JUnitReportReporter -->
<testsuite skipped="0" hostname="DESKTOP-U258E43" name="com.taller3.sistemamio.unit_tests.ServiciosServicioTest" tests="7" failures="0" timestamp="25 Sep 2019 02:53:30 GMT" time="0.277" errors="0">
  <testcase name="testAddServiceNullBus" time="0.027" classname="com.taller3.sistemamio.unit_tests.ServiciosServicioTest"/>
  <testcase name="testAddServiceInconsistentConductor" time="0.014" classname="com.taller3.sistemamio.unit_tests.ServiciosServicioTest"/>
  <testcase name="testAddServiceInconsistentDates" time="0.006" classname="com.taller3.sistemamio.unit_tests.ServiciosServicioTest"/>
  <testcase name="testAddServiceCorect" time="0.151" classname="com.taller3.sistemamio.unit_tests.ServiciosServicioTest"/>
  <testcase name="testAddServiceNull" time="0.006" classname="com.taller3.sistemamio.unit_tests.ServiciosServicioTest"/>
  <testcase name="testAddServiceNullConductor" time="0.065" classname="com.taller3.sistemamio.unit_tests.ServiciosServicioTest"/>
  <testcase name="testAddServiceNullRuta" time="0.008" classname="com.taller3.sistemamio.unit_tests.ServiciosServicioTest"/>
</testsuite> <!-- com.taller3.sistemamio.unit_tests.ServiciosServicioTest -->
