<?xml version="1.0" encoding="UTF-8"?>
<!-- Generated by org.testng.reporters.JUnitReportReporter -->
<testsuite skipped="0" hostname="DESKTOP-U258E43" name="com.taller3.sistemamio.unit_tests.BusServiceTests" tests="4" failures="0" timestamp="23 Sep 2019 04:01:16 GMT" time="1.755" errors="0">
  <testcase name="testAddNullBuss" time="0.015" classname="com.taller3.sistemamio.unit_tests.BusServiceTests"/>
  <testcase name="testAddBusP" time="0.006" classname="com.taller3.sistemamio.unit_tests.BusServiceTests"/>
  <testcase name="testAddBusA" time="0.117" classname="com.taller3.sistemamio.unit_tests.BusServiceTests"/>
  <testcase name="testAddBusT" time="1.617" classname="com.taller3.sistemamio.unit_tests.BusServiceTests"/>
</testsuite> <!-- com.taller3.sistemamio.unit_tests.BusServiceTests -->
