<?xml version="1.0" encoding="UTF-8"?>
<!-- Generated by org.testng.reporters.JUnitReportReporter -->
<testsuite skipped="0" hostname="DESKTOP-U258E43" name="com.taller3.sistemamio.unit_tests.RutasServicioTest" tests="4" failures="0" timestamp="25 Sep 2019 02:53:30 GMT" time="0.101" errors="0">
  <testcase name="testAddRutaHorasInconsistentes" time="0.085" classname="com.taller3.sistemamio.unit_tests.RutasServicioTest"/>
  <testcase name="testAddRutaCorrect" time="0.007" classname="com.taller3.sistemamio.unit_tests.RutasServicioTest"/>
  <testcase name="testAddRutaNull" time="0.004" classname="com.taller3.sistemamio.unit_tests.RutasServicioTest"/>
  <testcase name="testAddRutaFechasInconsistentes" time="0.005" classname="com.taller3.sistemamio.unit_tests.RutasServicioTest"/>
</testsuite> <!-- com.taller3.sistemamio.unit_tests.RutasServicioTest -->
