<?xml version="1.0" encoding="UTF-8"?>
<!-- Generated by org.testng.reporters.JUnitReportReporter -->
<testsuite skipped="0" hostname="DESKTOP-U258E43" name="com.taller3.sistemamio.unit_tests.BusServiceTests" tests="4" failures="0" timestamp="23 Sep 2019 03:57:21 GMT" time="2.029" errors="0">
  <testcase name="testAddNullBuss" time="1.852" classname="com.taller3.sistemamio.unit_tests.BusServiceTests"/>
  <testcase name="testAddBusA" time="0.157" classname="com.taller3.sistemamio.unit_tests.BusServiceTests"/>
  <testcase name="testAddBusP" time="0.008" classname="com.taller3.sistemamio.unit_tests.BusServiceTests"/>
  <testcase name="testAddBusT" time="0.012" classname="com.taller3.sistemamio.unit_tests.BusServiceTests"/>
</testsuite> <!-- com.taller3.sistemamio.unit_tests.BusServiceTests -->
