<?xml version="1.0" encoding="UTF-8"?>
<!-- Generated by org.testng.reporters.JUnitReportReporter -->
<testsuite skipped="0" hostname="DESKTOP-U258E43" name="com.taller3.sistemamio.unit_tests.ConductoresServicioTests" tests="3" failures="0" timestamp="25 Sep 2019 00:45:55 GMT" time="3.731" errors="0">
  <testcase name="testAddConductorInconsistent" time="0.015" classname="com.taller3.sistemamio.unit_tests.ConductoresServicioTests"/>
  <testcase name="testAddConductorNull" time="0.006" classname="com.taller3.sistemamio.unit_tests.ConductoresServicioTests"/>
  <testcase name="testAddConductorCorrect" time="3.710" classname="com.taller3.sistemamio.unit_tests.ConductoresServicioTests"/>
</testsuite> <!-- com.taller3.sistemamio.unit_tests.ConductoresServicioTests -->
