<?xml version="1.0" encoding="UTF-8"?>
<!-- Generated by org.testng.reporters.JUnitReportReporter -->
<testsuite skipped="0" hostname="DESKTOP-U258E43" name="com.taller3.sistemamio.integration_tests.ServiciosServicioTest" tests="4" failures="0" timestamp="25 Sep 2019 02:53:30 GMT" time="0.039" errors="0">
  <testcase name="testAddServiceNullConductor" time="0.011" classname="com.taller3.sistemamio.integration_tests.ServiciosServicioTest"/>
  <testcase name="testAddServiceNullRuta" time="0.010" classname="com.taller3.sistemamio.integration_tests.ServiciosServicioTest"/>
  <testcase name="testAddServiceNullBus" time="0.010" classname="com.taller3.sistemamio.integration_tests.ServiciosServicioTest"/>
  <testcase name="testAddServiceCorect" time="0.008" classname="com.taller3.sistemamio.integration_tests.ServiciosServicioTest"/>
</testsuite> <!-- com.taller3.sistemamio.integration_tests.ServiciosServicioTest -->
