<?xml version="1.0" encoding="UTF-8"?>
<!-- Generated by org.testng.reporters.JUnitReportReporter -->
<testsuite skipped="0" hostname="DESKTOP-U258E43" name="com.taller3.sistemamio.unit_tests.RutasServicioTest" tests="4" failures="0" timestamp="23 Sep 2019 22:12:55 GMT" time="1.472" errors="0">
  <testcase name="testAddRutaHorasInconsistentes" time="0.017" classname="com.taller3.sistemamio.unit_tests.RutasServicioTest"/>
  <testcase name="testAddRutaFechasInconsistentes" time="0.008" classname="com.taller3.sistemamio.unit_tests.RutasServicioTest"/>
  <testcase name="testAddRutaNull" time="0.018" classname="com.taller3.sistemamio.unit_tests.RutasServicioTest"/>
  <testcase name="testAddRutaCorrect" time="1.429" classname="com.taller3.sistemamio.unit_tests.RutasServicioTest"/>
</testsuite> <!-- com.taller3.sistemamio.unit_tests.RutasServicioTest -->
