<?xml version="1.0" encoding="UTF-8"?>
<!-- Generated by org.testng.reporters.JUnitReportReporter -->
<testsuite skipped="0" hostname="DESKTOP-U258E43" name="com.taller3.sistemamio.unit_tests.ConductoresServicioTests" tests="3" failures="0" timestamp="25 Sep 2019 02:53:30 GMT" time="0.020" errors="0">
  <testcase name="testAddConductorNull" time="0.009" classname="com.taller3.sistemamio.unit_tests.ConductoresServicioTests"/>
  <testcase name="testAddConductorCorrect" time="0.006" classname="com.taller3.sistemamio.unit_tests.ConductoresServicioTests"/>
  <testcase name="testAddConductorInconsistent" time="0.005" classname="com.taller3.sistemamio.unit_tests.ConductoresServicioTests"/>
</testsuite> <!-- com.taller3.sistemamio.unit_tests.ConductoresServicioTests -->
