<?xml version="1.0" encoding="UTF-8"?>
<!-- Generated by org.testng.reporters.JUnitReportReporter -->
<testsuite skipped="0" hostname="DESKTOP-U258E43" name="com.taller3.sistemamio.unit_tests.BusServiceTests" tests="4" failures="0" timestamp="25 Sep 2019 02:53:30 GMT" time="1.388" errors="0">
  <testcase name="testAddBusA" time="1.364" classname="com.taller3.sistemamio.unit_tests.BusServiceTests"/>
  <testcase name="testAddBusT" time="0.006" classname="com.taller3.sistemamio.unit_tests.BusServiceTests"/>
  <testcase name="testAddBusP" time="0.005" classname="com.taller3.sistemamio.unit_tests.BusServiceTests"/>
  <testcase name="testAddNullBuss" time="0.013" classname="com.taller3.sistemamio.unit_tests.BusServiceTests"/>
</testsuite> <!-- com.taller3.sistemamio.unit_tests.BusServiceTests -->
