<?xml version="1.0" encoding="UTF-8"?>
<!-- Generated by org.testng.reporters.JUnitReportReporter -->
<testsuite skipped="0" hostname="DESKTOP-U258E43" name="com.taller3.sistemamio.integration_tests.ServiciosServicioTest" tests="4" failures="0" timestamp="25 Sep 2019 02:35:40 GMT" time="0.153" errors="0">
  <testcase name="testAddServiceCorect" time="0.030" classname="com.taller3.sistemamio.integration_tests.ServiciosServicioTest"/>
  <testcase name="testAddServiceNullBus" time="0.007" classname="com.taller3.sistemamio.integration_tests.ServiciosServicioTest"/>
  <testcase name="testAddServiceNullRuta" time="0.009" classname="com.taller3.sistemamio.integration_tests.ServiciosServicioTest"/>
  <testcase name="testAddServiceNullConductor" time="0.107" classname="com.taller3.sistemamio.integration_tests.ServiciosServicioTest"/>
</testsuite> <!-- com.taller3.sistemamio.integration_tests.ServiciosServicioTest -->
