<?xml version="1.0" encoding="UTF-8"?>
<!-- Generated by org.testng.reporters.JUnitReportReporter -->
<testsuite skipped="0" hostname="DESKTOP-U258E43" name="com.taller3.sistemamio.integration_tests.BusServiceTests" tests="3" failures="0" timestamp="25 Sep 2019 02:53:30 GMT" time="0.008" errors="0">
  <testcase name="testAddBusT" time="0.003" classname="com.taller3.sistemamio.integration_tests.BusServiceTests"/>
  <testcase name="testAddBusP" time="0.002" classname="com.taller3.sistemamio.integration_tests.BusServiceTests"/>
  <testcase name="testAddBusA" time="0.003" classname="com.taller3.sistemamio.integration_tests.BusServiceTests"/>
</testsuite> <!-- com.taller3.sistemamio.integration_tests.BusServiceTests -->
