<?xml version="1.0" encoding="UTF-8"?>
<!-- Generated by org.testng.reporters.JUnitReportReporter -->
<testsuite skipped="0" hostname="DESKTOP-U258E43" name="com.taller3.sistemamio.UnitTests" tests="4" failures="0" timestamp="23 Sep 2019 03:47:49 GMT" time="3.492" errors="0">
  <testcase name="testAddBusA" time="0.171" classname="com.taller3.sistemamio.UnitTests"/>
  <testcase name="testAddNullBuss" time="3.273" classname="com.taller3.sistemamio.UnitTests"/>
  <testcase name="testAddBusP" time="0.013" classname="com.taller3.sistemamio.UnitTests"/>
  <testcase name="testAddBusT" time="0.035" classname="com.taller3.sistemamio.UnitTests"/>
</testsuite> <!-- com.taller3.sistemamio.UnitTests -->
