<?xml version="1.0" encoding="UTF-8"?>
<!-- Generated by org.testng.reporters.JUnitReportReporter -->
<testsuite skipped="0" hostname="DESKTOP-U258E43" name="com.taller3.sistemamio.unit_tests.RutasServicioTest" tests="4" failures="0" timestamp="23 Sep 2019 23:45:54 GMT" time="1.746" errors="0">
  <testcase name="testAddRutaHorasInconsistentes" time="0.004" classname="com.taller3.sistemamio.unit_tests.RutasServicioTest"/>
  <testcase name="testAddRutaFechasInconsistentes" time="0.007" classname="com.taller3.sistemamio.unit_tests.RutasServicioTest"/>
  <testcase name="testAddRutaNull" time="0.019" classname="com.taller3.sistemamio.unit_tests.RutasServicioTest"/>
  <testcase name="testAddRutaCorrect" time="1.716" classname="com.taller3.sistemamio.unit_tests.RutasServicioTest"/>
</testsuite> <!-- com.taller3.sistemamio.unit_tests.RutasServicioTest -->
