<?xml version="1.0" encoding="UTF-8"?>
<!-- Generated by org.testng.reporters.JUnitReportReporter -->
<testsuite skipped="0" hostname="DESKTOP-U258E43" name="com.taller3.sistemamio.unit_tests.ServiciosServicioTest" tests="5" failures="0" timestamp="25 Sep 2019 00:29:41 GMT" time="2.183" errors="0">
  <testcase name="testAddServiceNullConductor" time="0.019" classname="com.taller3.sistemamio.unit_tests.ServiciosServicioTest"/>
  <testcase name="testAddServiceNullBus" time="0.015" classname="com.taller3.sistemamio.unit_tests.ServiciosServicioTest"/>
  <testcase name="testAddServiceCorect" time="2.124" classname="com.taller3.sistemamio.unit_tests.ServiciosServicioTest"/>
  <testcase name="testAddServiceNull" time="0.011" classname="com.taller3.sistemamio.unit_tests.ServiciosServicioTest"/>
  <testcase name="testAddServiceNullRuta" time="0.014" classname="com.taller3.sistemamio.unit_tests.ServiciosServicioTest"/>
</testsuite> <!-- com.taller3.sistemamio.unit_tests.ServiciosServicioTest -->
