<?xml version="1.0" encoding="UTF-8"?>
<!-- Generated by org.testng.reporters.JUnitReportReporter -->
<testsuite skipped="0" hostname="DESKTOP-U258E43" name="com.taller3.sistemamio.unit_tests.ConductoresServicioTests" tests="3" failures="0" timestamp="23 Sep 2019 21:27:40 GMT" time="2.542" errors="0">
  <testcase name="testAddConductorInconsistent" time="2.163" classname="com.taller3.sistemamio.unit_tests.ConductoresServicioTests"/>
  <testcase name="testAddConductorCorrect" time="0.363" classname="com.taller3.sistemamio.unit_tests.ConductoresServicioTests"/>
  <testcase name="testAddConductorNull" time="0.016" classname="com.taller3.sistemamio.unit_tests.ConductoresServicioTests"/>
</testsuite> <!-- com.taller3.sistemamio.unit_tests.ConductoresServicioTests -->
