<?xml version="1.0" encoding="UTF-8"?>
<!-- Generated by org.testng.reporters.JUnitReportReporter -->
<testsuite skipped="0" hostname="DESKTOP-U258E43" name="com.taller3.sistemamio.unit_tests.ServiciosServicioTest" tests="7" failures="0" timestamp="25 Sep 2019 01:39:12 GMT" time="2.189" errors="0">
  <testcase name="testAddServiceCorect" time="2.033" classname="com.taller3.sistemamio.unit_tests.ServiciosServicioTest"/>
  <testcase name="testAddServiceNullConductor" time="0.035" classname="com.taller3.sistemamio.unit_tests.ServiciosServicioTest"/>
  <testcase name="testAddServiceNullBus" time="0.017" classname="com.taller3.sistemamio.unit_tests.ServiciosServicioTest"/>
  <testcase name="testAddServiceInconsistentConductor" time="0.038" classname="com.taller3.sistemamio.unit_tests.ServiciosServicioTest"/>
  <testcase name="testAddServiceNull" time="0.024" classname="com.taller3.sistemamio.unit_tests.ServiciosServicioTest"/>
  <testcase name="testAddServiceNullRuta" time="0.031" classname="com.taller3.sistemamio.unit_tests.ServiciosServicioTest"/>
  <testcase name="testAddServiceInconsistentDates" time="0.011" classname="com.taller3.sistemamio.unit_tests.ServiciosServicioTest"/>
</testsuite> <!-- com.taller3.sistemamio.unit_tests.ServiciosServicioTest -->
